Using pre-set license
Built from '2021.3/staging' branch; Version is '2021.3.14f1 (eee1884e7226) revision 15655304'; Using compiler version '192829333'; Build Type 'Release'
OS: 'Windows 11  (10.0.22621) 64bit CoreSingleLanguage' Language: 'en' Physical Memory: 15789 MB
BatchMode: 1, IsHumanControllingUs: 0, StartBugReporterOnCrash: 0, Is64bit: 1, IsPro: 1

COMMAND LINE ARGUMENTS:
D:\Unity Editors\2021.3.14f1\Editor\Unity.exe
-adb2
-batchMode
-noUpm
-name
AssetImportWorker0
-projectPath
D:/My Projects/Unity Projects/Infiniti/i-spark
-logFile
Logs/AssetImportWorker0.log
-srvPort
52849
Successfully changed project path to: D:/My Projects/Unity Projects/Infiniti/i-spark
D:/My Projects/Unity Projects/Infiniti/i-spark
[UnityMemory] Configuration Parameters - Can be set up in boot.config
    "memorysetup-bucket-allocator-granularity=16"
    "memorysetup-bucket-allocator-bucket-count=8"
    "memorysetup-bucket-allocator-block-size=33554432"
    "memorysetup-bucket-allocator-block-count=8"
    "memorysetup-main-allocator-block-size=16777216"
    "memorysetup-thread-allocator-block-size=16777216"
    "memorysetup-gfx-main-allocator-block-size=16777216"
    "memorysetup-gfx-thread-allocator-block-size=16777216"
    "memorysetup-cache-allocator-block-size=4194304"
    "memorysetup-typetree-allocator-block-size=2097152"
    "memorysetup-profiler-bucket-allocator-granularity=16"
    "memorysetup-profiler-bucket-allocator-bucket-count=8"
    "memorysetup-profiler-bucket-allocator-block-size=33554432"
    "memorysetup-profiler-bucket-allocator-block-count=8"
    "memorysetup-profiler-allocator-block-size=16777216"
    "memorysetup-profiler-editor-allocator-block-size=1048576"
    "memorysetup-temp-allocator-size-main=16777216"
    "memorysetup-job-temp-allocator-block-size=2097152"
    "memorysetup-job-temp-allocator-block-size-background=1048576"
    "memorysetup-job-temp-allocator-reduction-small-platforms=262144"
    "memorysetup-temp-allocator-size-background-worker=32768"
    "memorysetup-temp-allocator-size-job-worker=262144"
    "memorysetup-temp-allocator-size-preload-manager=33554432"
    "memorysetup-temp-allocator-size-nav-mesh-worker=65536"
    "memorysetup-temp-allocator-size-audio-worker=65536"
    "memorysetup-temp-allocator-size-cloud-worker=32768"
    "memorysetup-temp-allocator-size-gi-baking-worker=262144"
    "memorysetup-temp-allocator-size-gfx=262144"
Refreshing native plugins compatible for Editor in 109.45 ms, found 3 plugins.
Preloading 0 native plugins for Editor in 0.00 ms.
Initialize engine version: 2021.3.14f1 (eee1884e7226)
[Subsystems] Discovering subsystems at path D:/Unity Editors/2021.3.14f1/Editor/Data/Resources/UnitySubsystems
[Subsystems] Discovering subsystems at path D:/My Projects/Unity Projects/Infiniti/i-spark/Assets
GfxDevice: creating device client; threaded=0; jobified=0
Direct3D:
    Version:  Direct3D 11.0 [level 11.1]
    Renderer: NVIDIA GeForce GTX 1660 Ti (ID=0x2191)
    Vendor:   NVIDIA
    VRAM:     5991 MB
    Driver:   31.0.15.1640
Initialize mono
Mono path[0] = 'D:/Unity Editors/2021.3.14f1/Editor/Data/Managed'
Mono path[1] = 'D:/Unity Editors/2021.3.14f1/Editor/Data/MonoBleedingEdge/lib/mono/unityjit-win32'
Mono config path = 'D:/Unity Editors/2021.3.14f1/Editor/Data/MonoBleedingEdge/etc'
Using monoOptions --debugger-agent=transport=dt_socket,embedding=1,server=y,suspend=n,address=127.0.0.1:56648
Begin MonoManager ReloadAssembly
Registering precompiled unity dll's ...
Register platform support module: D:/Unity Editors/2021.3.14f1/Editor/Data/PlaybackEngines/MacStandaloneSupport/UnityEditor.OSXStandalone.Extensions.dll
Register platform support module: D:/Unity Editors/2021.3.14f1/Editor/Data/PlaybackEngines/AndroidPlayer/UnityEditor.Android.Extensions.dll
Register platform support module: D:/Unity Editors/2021.3.14f1/Editor/Data/PlaybackEngines/iOSSupport/UnityEditor.iOS.Extensions.dll
Register platform support module: D:/Unity Editors/2021.3.14f1/Editor/Data/PlaybackEngines/WindowsStandaloneSupport/UnityEditor.WindowsStandalone.Extensions.dll
Registered in 0.003024 seconds.
Native extension for WindowsStandalone target not found
[usbmuxd] Start listen thread
[usbmuxd] Listen thread started
Native extension for iOS target not found
Native extension for Android target not found
Native extension for OSXStandalone target not found
Refreshing native plugins compatible for Editor in 114.50 ms, found 3 plugins.
Preloading 0 native plugins for Editor in 0.00 ms.
Mono: successfully reloaded assembly
- Completed reload, in  0.691 seconds
Domain Reload Profiling:
	ReloadAssembly (691ms)
		BeginReloadAssembly (78ms)
			ExecutionOrderSort (0ms)
			DisableScriptedObjects (0ms)
			BackupInstance (0ms)
			ReleaseScriptingObjects (0ms)
			CreateAndSetChildDomain (1ms)
		EndReloadAssembly (513ms)
			LoadAssemblies (79ms)
			RebuildTransferFunctionScriptingTraits (0ms)
			SetupTypeCache (118ms)
			ReleaseScriptCaches (0ms)
			RebuildScriptCaches (28ms)
			SetupLoadedEditorAssemblies (318ms)
				LogAssemblyErrors (0ms)
				InitializePlatformSupportModulesInManaged (68ms)
				SetLoadedEditorAssemblies (0ms)
				RefreshPlugins (115ms)
				BeforeProcessingInitializeOnLoad (1ms)
				ProcessInitializeOnLoadAttributes (89ms)
				ProcessInitializeOnLoadMethodAttributes (44ms)
				AfterProcessingInitializeOnLoad (0ms)
				EditorAssembliesLoaded (0ms)
			ExecutionOrderSort2 (0ms)
			AwakeInstancesAfterBackupRestoration (0ms)
Platform modules already initialized, skipping
Registering precompiled user dll's ...
Registered in 0.006161 seconds.
Begin MonoManager ReloadAssembly
Symbol file LoadedFromMemory doesn't match image D:\My Projects\Unity Projects\Infiniti\i-spark\Library\PackageCache\com.unity.visualscripting@1.7.8\Editor\VisualScripting.Core\Dependencies\YamlDotNet\Unity.VisualScripting.YamlDotNet.dll
Symbol file LoadedFromMemory doesn't match image D:\My Projects\Unity Projects\Infiniti\i-spark\Library\PackageCache\com.unity.visualscripting@1.7.8\Editor\VisualScripting.Core\Dependencies\DotNetZip\Unity.VisualScripting.IonicZip.dll
Native extension for WindowsStandalone target not found
Native extension for iOS target not found
Native extension for Android target not found
Native extension for OSXStandalone target not found
Refreshing native plugins compatible for Editor in 110.86 ms, found 3 plugins.
Preloading 0 native plugins for Editor in 0.00 ms.
Mono: successfully reloaded assembly
- Completed reload, in  1.428 seconds
Domain Reload Profiling:
	ReloadAssembly (1429ms)
		BeginReloadAssembly (267ms)
			ExecutionOrderSort (0ms)
			DisableScriptedObjects (6ms)
			BackupInstance (0ms)
			ReleaseScriptingObjects (0ms)
			CreateAndSetChildDomain (127ms)
		EndReloadAssembly (1051ms)
			LoadAssemblies (104ms)
			RebuildTransferFunctionScriptingTraits (0ms)
			SetupTypeCache (274ms)
			ReleaseScriptCaches (1ms)
			RebuildScriptCaches (65ms)
			SetupLoadedEditorAssemblies (574ms)
				LogAssemblyErrors (0ms)
				InitializePlatformSupportModulesInManaged (23ms)
				SetLoadedEditorAssemblies (0ms)
				RefreshPlugins (111ms)
				BeforeProcessingInitializeOnLoad (103ms)
				ProcessInitializeOnLoadAttributes (251ms)
				ProcessInitializeOnLoadMethodAttributes (84ms)
				AfterProcessingInitializeOnLoad (3ms)
				EditorAssembliesLoaded (0ms)
			ExecutionOrderSort2 (0ms)
			AwakeInstancesAfterBackupRestoration (8ms)
Platform modules already initialized, skipping
========================================================================
Worker process is ready to serve import requests
Launched and connected shader compiler UnityShaderCompiler.exe after 0.71 seconds
Refreshing native plugins compatible for Editor in 1.83 ms, found 3 plugins.
Preloading 0 native plugins for Editor in 0.00 ms.
Unloading 5443 Unused Serialized files (Serialized files now loaded: 0)
Unloading 35 unused Assets / (0.8 MB). Loaded Objects now: 5902.
Memory consumption went from 217.4 MB to 216.6 MB.
Total: 4.935600 ms (FindLiveObjects: 0.692500 ms CreateObjectMapping: 0.303100 ms MarkObjects: 3.506400 ms  DeleteObjects: 0.430500 ms)

AssetImportParameters requested are different than current active one (requested -> active):
  custom:video-decoder-ogg-theora: a1e56fd34408186e4bbccfd4996cb3dc -> 
  custom:container-muxer-webm: aa71ff27fc2769a1b78a27578f13a17b -> 
  custom:container-demuxer-webm: 4f35f7cbe854078d1ac9338744f61a02 -> 
  custom:video-encoder-webm-vp8: eb34c28f22e8b96e1ab97ce403110664 -> 
  custom:video-codec-MediaFoundation-h265: 746d11721c4dcdbdad8f713fa42b33f4 -> 
  custom:audio-encoder-webm-vorbis: bf7c407c2cedff20999df2af8eb42d56 -> 
  custom:framework-win-MediaFoundation: 216162199b28c13a410421893ffa2e32 -> 
  custom:container-demuxer-ogg: 62fdf1f143b41e24485cea50d1cbac27 -> 
  custom:video-decoder-webm-vp8: 9c59270c3fd7afecdb556c50c9e8de78 -> 
  custom:audio-decoder-ogg-vorbis: bf7c407c2cedff20999df2af8eb42d56 -> 
========================================================================
Received Import Request.
  Time since last request: 462171.283701 seconds.
  path: Assets/MyAssets/Models/Intersection.prefab
  artifactKey: Guid(2035542ef4d93f84f9f4450e47440c34) Importer(815301076,1909f56bfc062723c751e8b465ee728b)
Start importing Assets/MyAssets/Models/Intersection.prefab using Guid(2035542ef4d93f84f9f4450e47440c34) Importer(815301076,1909f56bfc062723c751e8b465ee728b)  -> (artifact id: '8423b3877607088d15d2d594f4fa3e38') in 0.112554 seconds 
========================================================================
Received Import Request.
  Time since last request: 0.000028 seconds.
  path: Assets/MyAssets/Models/Conveyor.prefab
  artifactKey: Guid(f2eca3a985d524f49851a0882a8bfbd6) Importer(815301076,1909f56bfc062723c751e8b465ee728b)
Start importing Assets/MyAssets/Models/Conveyor.prefab using Guid(f2eca3a985d524f49851a0882a8bfbd6) Importer(815301076,1909f56bfc062723c751e8b465ee728b)  -> (artifact id: 'e26c3fbfcab9b8993c5592abf32e58b4') in 0.275361 seconds 
========================================================================
Received Import Request.
  Time since last request: 908.381426 seconds.
  path: Assets/MyAssets/Models/Materials/Conveyor2.mat
  artifactKey: Guid(ad6319a8ffda9c348bf4ebe55eab71dd) Importer(815301076,1909f56bfc062723c751e8b465ee728b)
Start importing Assets/MyAssets/Models/Materials/Conveyor2.mat using Guid(ad6319a8ffda9c348bf4ebe55eab71dd) Importer(815301076,1909f56bfc062723c751e8b465ee728b)  -> (artifact id: '72093ee4a2fb206a20984ac0b7d6b3d8') in 0.110144 seconds 
========================================================================
Received Prepare
Registering precompiled user dll's ...
Registered in 0.005934 seconds.
Begin MonoManager ReloadAssembly
Symbol file LoadedFromMemory doesn't match image D:\My Projects\Unity Projects\Infiniti\i-spark\Library\PackageCache\com.unity.visualscripting@1.7.8\Editor\VisualScripting.Core\Dependencies\YamlDotNet\Unity.VisualScripting.YamlDotNet.dll
Symbol file LoadedFromMemory doesn't match image D:\My Projects\Unity Projects\Infiniti\i-spark\Library\PackageCache\com.unity.visualscripting@1.7.8\Editor\VisualScripting.Core\Dependencies\DotNetZip\Unity.VisualScripting.IonicZip.dll
Native extension for WindowsStandalone target not found
Native extension for iOS target not found
Native extension for Android target not found
Native extension for OSXStandalone target not found
Refreshing native plugins compatible for Editor in 1.33 ms, found 3 plugins.
Preloading 0 native plugins for Editor in 0.00 ms.
Mono: successfully reloaded assembly
- Completed reload, in  1.190 seconds
Domain Reload Profiling:
	ReloadAssembly (1191ms)
		BeginReloadAssembly (148ms)
			ExecutionOrderSort (0ms)
			DisableScriptedObjects (7ms)
			BackupInstance (0ms)
			ReleaseScriptingObjects (0ms)
			CreateAndSetChildDomain (50ms)
		EndReloadAssembly (947ms)
			LoadAssemblies (94ms)
			RebuildTransferFunctionScriptingTraits (0ms)
			SetupTypeCache (278ms)
			ReleaseScriptCaches (2ms)
			RebuildScriptCaches (46ms)
			SetupLoadedEditorAssemblies (440ms)
				LogAssemblyErrors (0ms)
				InitializePlatformSupportModulesInManaged (36ms)
				SetLoadedEditorAssemblies (0ms)
				RefreshPlugins (1ms)
				BeforeProcessingInitializeOnLoad (70ms)
				ProcessInitializeOnLoadAttributes (235ms)
				ProcessInitializeOnLoadMethodAttributes (93ms)
				AfterProcessingInitializeOnLoad (3ms)
				EditorAssembliesLoaded (0ms)
			ExecutionOrderSort2 (0ms)
			AwakeInstancesAfterBackupRestoration (25ms)
Platform modules already initialized, skipping
Refreshing native plugins compatible for Editor in 2.75 ms, found 3 plugins.
Preloading 0 native plugins for Editor in 0.00 ms.
Unloading 5293 Unused Serialized files (Serialized files now loaded: 0)
Unloading 28 unused Assets / (0.7 MB). Loaded Objects now: 6000.
Memory consumption went from 212.5 MB to 211.8 MB.
Total: 5.793500 ms (FindLiveObjects: 0.764700 ms CreateObjectMapping: 0.620900 ms MarkObjects: 3.862900 ms  DeleteObjects: 0.543100 ms)

AssetImportParameters requested are different than current active one (requested -> active):
  custom:video-decoder-ogg-theora: a1e56fd34408186e4bbccfd4996cb3dc -> 
  custom:container-muxer-webm: aa71ff27fc2769a1b78a27578f13a17b -> 
  custom:container-demuxer-webm: 4f35f7cbe854078d1ac9338744f61a02 -> 
  custom:video-encoder-webm-vp8: eb34c28f22e8b96e1ab97ce403110664 -> 
  custom:video-codec-MediaFoundation-h265: 746d11721c4dcdbdad8f713fa42b33f4 -> 
  custom:audio-encoder-webm-vorbis: bf7c407c2cedff20999df2af8eb42d56 -> 
  custom:framework-win-MediaFoundation: 216162199b28c13a410421893ffa2e32 -> 
  custom:container-demuxer-ogg: 62fdf1f143b41e24485cea50d1cbac27 -> 
  custom:video-decoder-webm-vp8: 9c59270c3fd7afecdb556c50c9e8de78 -> 
  custom:audio-decoder-ogg-vorbis: bf7c407c2cedff20999df2af8eb42d56 -> 
========================================================================
Received Import Request.
  Time since last request: 1853.546212 seconds.
  path: Assets/MyAssets/Models/Materials/FloorGreen.mat
  artifactKey: Guid(5a45cfde893aee64d8dbd0132f5148c3) Importer(815301076,1909f56bfc062723c751e8b465ee728b)
Start importing Assets/MyAssets/Models/Materials/FloorGreen.mat using Guid(5a45cfde893aee64d8dbd0132f5148c3) Importer(815301076,1909f56bfc062723c751e8b465ee728b)  -> (artifact id: '7434b4e44eefe35435b1bb4a32cd94ed') in 0.213472 seconds 
========================================================================
Received Import Request.
  Time since last request: 98.611559 seconds.
  path: Assets/MyAssets/Models/Materials/FloorGreen.mat
  artifactKey: Guid(5a45cfde893aee64d8dbd0132f5148c3) Importer(815301076,1909f56bfc062723c751e8b465ee728b)
Start importing Assets/MyAssets/Models/Materials/FloorGreen.mat using Guid(5a45cfde893aee64d8dbd0132f5148c3) Importer(815301076,1909f56bfc062723c751e8b465ee728b)  -> (artifact id: '2d30750604346346599bef0c9f3de1ac') in 0.017074 seconds 
========================================================================
Received Import Request.
  Time since last request: 43.173772 seconds.
  path: Assets/MyAssets/Models/Materials/FloorYellow.mat
  artifactKey: Guid(7e8577a209d42ed44ab3d5799dacc397) Importer(815301076,1909f56bfc062723c751e8b465ee728b)
Start importing Assets/MyAssets/Models/Materials/FloorYellow.mat using Guid(7e8577a209d42ed44ab3d5799dacc397) Importer(815301076,1909f56bfc062723c751e8b465ee728b)  -> (artifact id: 'a751c65b009209ab2f7296f44481f85a') in 0.015948 seconds 
========================================================================
Received Import Request.
  Time since last request: 20.126666 seconds.
  path: Assets/MyAssets/Models/Materials/FloorGray.mat
  artifactKey: Guid(7e8577a209d42ed44ab3d5799dacc397) Importer(815301076,1909f56bfc062723c751e8b465ee728b)
Start importing Assets/MyAssets/Models/Materials/FloorGray.mat using Guid(7e8577a209d42ed44ab3d5799dacc397) Importer(815301076,1909f56bfc062723c751e8b465ee728b)  -> (artifact id: '44b3eb7fdda14e4a0c14de49e97c740f') in 0.019082 seconds 
========================================================================
Received Import Request.
  Time since last request: 14.011379 seconds.
  path: Assets/MyAssets/Models/Materials/Floor.mat
  artifactKey: Guid(f0874bad9e7c39647b62e4d8b3b9be1f) Importer(815301076,1909f56bfc062723c751e8b465ee728b)
Start importing Assets/MyAssets/Models/Materials/Floor.mat using Guid(f0874bad9e7c39647b62e4d8b3b9be1f) Importer(815301076,1909f56bfc062723c751e8b465ee728b)  -> (artifact id: 'c7e24cad9bee8bcbde51e97d192e56d8') in 0.020166 seconds 
========================================================================
Received Import Request.
  Time since last request: 42.418969 seconds.
  path: Assets/MyAssets/Models/Materials/FloorYellow.mat
  artifactKey: Guid(11c3e2479f6c94545893926378fe4294) Importer(815301076,1909f56bfc062723c751e8b465ee728b)
Start importing Assets/MyAssets/Models/Materials/FloorYellow.mat using Guid(11c3e2479f6c94545893926378fe4294) Importer(815301076,1909f56bfc062723c751e8b465ee728b)  -> (artifact id: 'ef196ae905841f04553f0194f065af76') in 0.015626 seconds 
========================================================================
Received Prepare
Registering precompiled user dll's ...
Registered in 0.006035 seconds.
Begin MonoManager ReloadAssembly
Symbol file LoadedFromMemory doesn't match image D:\My Projects\Unity Projects\Infiniti\i-spark\Library\PackageCache\com.unity.visualscripting@1.7.8\Editor\VisualScripting.Core\Dependencies\YamlDotNet\Unity.VisualScripting.YamlDotNet.dll
Symbol file LoadedFromMemory doesn't match image D:\My Projects\Unity Projects\Infiniti\i-spark\Library\PackageCache\com.unity.visualscripting@1.7.8\Editor\VisualScripting.Core\Dependencies\DotNetZip\Unity.VisualScripting.IonicZip.dll
Native extension for WindowsStandalone target not found
Native extension for iOS target not found
Native extension for Android target not found
Native extension for OSXStandalone target not found
Refreshing native plugins compatible for Editor in 1.03 ms, found 3 plugins.
Preloading 0 native plugins for Editor in 0.00 ms.
Mono: successfully reloaded assembly
- Completed reload, in  1.098 seconds
Domain Reload Profiling:
	ReloadAssembly (1099ms)
		BeginReloadAssembly (145ms)
			ExecutionOrderSort (0ms)
			DisableScriptedObjects (7ms)
			BackupInstance (0ms)
			ReleaseScriptingObjects (0ms)
			CreateAndSetChildDomain (49ms)
		EndReloadAssembly (870ms)
			LoadAssemblies (85ms)
			RebuildTransferFunctionScriptingTraits (0ms)
			SetupTypeCache (263ms)
			ReleaseScriptCaches (2ms)
			RebuildScriptCaches (44ms)
			SetupLoadedEditorAssemblies (397ms)
				LogAssemblyErrors (0ms)
				InitializePlatformSupportModulesInManaged (29ms)
				SetLoadedEditorAssemblies (0ms)
				RefreshPlugins (1ms)
				BeforeProcessingInitializeOnLoad (69ms)
				ProcessInitializeOnLoadAttributes (209ms)
				ProcessInitializeOnLoadMethodAttributes (86ms)
				AfterProcessingInitializeOnLoad (2ms)
				EditorAssembliesLoaded (0ms)
			ExecutionOrderSort2 (0ms)
			AwakeInstancesAfterBackupRestoration (22ms)
Platform modules already initialized, skipping
Refreshing native plugins compatible for Editor in 2.58 ms, found 3 plugins.
Preloading 0 native plugins for Editor in 0.00 ms.
Unloading 5293 Unused Serialized files (Serialized files now loaded: 0)
Unloading 28 unused Assets / (0.7 MB). Loaded Objects now: 6044.
Memory consumption went from 212.6 MB to 211.9 MB.
Total: 5.615600 ms (FindLiveObjects: 0.735000 ms CreateObjectMapping: 0.557500 ms MarkObjects: 3.927300 ms  DeleteObjects: 0.394000 ms)

AssetImportParameters requested are different than current active one (requested -> active):
  custom:video-decoder-ogg-theora: a1e56fd34408186e4bbccfd4996cb3dc -> 
  custom:container-muxer-webm: aa71ff27fc2769a1b78a27578f13a17b -> 
  custom:container-demuxer-webm: 4f35f7cbe854078d1ac9338744f61a02 -> 
  custom:video-encoder-webm-vp8: eb34c28f22e8b96e1ab97ce403110664 -> 
  custom:video-codec-MediaFoundation-h265: 746d11721c4dcdbdad8f713fa42b33f4 -> 
  custom:audio-encoder-webm-vorbis: bf7c407c2cedff20999df2af8eb42d56 -> 
  custom:framework-win-MediaFoundation: 216162199b28c13a410421893ffa2e32 -> 
  custom:container-demuxer-ogg: 62fdf1f143b41e24485cea50d1cbac27 -> 
  custom:video-decoder-webm-vp8: 9c59270c3fd7afecdb556c50c9e8de78 -> 
  custom:audio-decoder-ogg-vorbis: bf7c407c2cedff20999df2af8eb42d56 -> 
========================================================================
Received Prepare
Registering precompiled user dll's ...
Registered in 0.005390 seconds.
Begin MonoManager ReloadAssembly
Symbol file LoadedFromMemory doesn't match image D:\My Projects\Unity Projects\Infiniti\i-spark\Library\PackageCache\com.unity.visualscripting@1.7.8\Editor\VisualScripting.Core\Dependencies\YamlDotNet\Unity.VisualScripting.YamlDotNet.dll
Symbol file LoadedFromMemory doesn't match image D:\My Projects\Unity Projects\Infiniti\i-spark\Library\PackageCache\com.unity.visualscripting@1.7.8\Editor\VisualScripting.Core\Dependencies\DotNetZip\Unity.VisualScripting.IonicZip.dll
Native extension for WindowsStandalone target not found
Native extension for iOS target not found
Native extension for Android target not found
Native extension for OSXStandalone target not found
Refreshing native plugins compatible for Editor in 1.01 ms, found 3 plugins.
Preloading 0 native plugins for Editor in 0.00 ms.
Mono: successfully reloaded assembly
- Completed reload, in  1.108 seconds
Domain Reload Profiling:
	ReloadAssembly (1109ms)
		BeginReloadAssembly (133ms)
			ExecutionOrderSort (0ms)
			DisableScriptedObjects (4ms)
			BackupInstance (0ms)
			ReleaseScriptingObjects (0ms)
			CreateAndSetChildDomain (44ms)
		EndReloadAssembly (891ms)
			LoadAssemblies (90ms)
			RebuildTransferFunctionScriptingTraits (0ms)
			SetupTypeCache (250ms)
			ReleaseScriptCaches (2ms)
			RebuildScriptCaches (43ms)
			SetupLoadedEditorAssemblies (414ms)
				LogAssemblyErrors (0ms)
				InitializePlatformSupportModulesInManaged (30ms)
				SetLoadedEditorAssemblies (1ms)
				RefreshPlugins (1ms)
				BeforeProcessingInitializeOnLoad (75ms)
				ProcessInitializeOnLoadAttributes (222ms)
				ProcessInitializeOnLoadMethodAttributes (84ms)
				AfterProcessingInitializeOnLoad (2ms)
				EditorAssembliesLoaded (0ms)
			ExecutionOrderSort2 (0ms)
			AwakeInstancesAfterBackupRestoration (24ms)
Platform modules already initialized, skipping
Refreshing native plugins compatible for Editor in 2.94 ms, found 3 plugins.
Preloading 0 native plugins for Editor in 0.00 ms.
Unloading 5294 Unused Serialized files (Serialized files now loaded: 0)
Unloading 28 unused Assets / (0.8 MB). Loaded Objects now: 6047.
Memory consumption went from 213.0 MB to 212.3 MB.
Total: 5.675000 ms (FindLiveObjects: 0.667000 ms CreateObjectMapping: 0.440600 ms MarkObjects: 3.792500 ms  DeleteObjects: 0.760400 ms)

AssetImportParameters requested are different than current active one (requested -> active):
  custom:video-decoder-ogg-theora: a1e56fd34408186e4bbccfd4996cb3dc -> 
  custom:container-muxer-webm: aa71ff27fc2769a1b78a27578f13a17b -> 
  custom:container-demuxer-webm: 4f35f7cbe854078d1ac9338744f61a02 -> 
  custom:video-encoder-webm-vp8: eb34c28f22e8b96e1ab97ce403110664 -> 
  custom:video-codec-MediaFoundation-h265: 746d11721c4dcdbdad8f713fa42b33f4 -> 
  custom:audio-encoder-webm-vorbis: bf7c407c2cedff20999df2af8eb42d56 -> 
  custom:framework-win-MediaFoundation: 216162199b28c13a410421893ffa2e32 -> 
  custom:container-demuxer-ogg: 62fdf1f143b41e24485cea50d1cbac27 -> 
  custom:video-decoder-webm-vp8: 9c59270c3fd7afecdb556c50c9e8de78 -> 
  custom:audio-decoder-ogg-vorbis: bf7c407c2cedff20999df2af8eb42d56 -> 
========================================================================
Received Import Request.
  Time since last request: 533.874864 seconds.
  path: Assets/MyAssets/Models/Materials/BoxBlue.mat
  artifactKey: Guid(1c093ce088bac2641814c5081b9aa230) Importer(815301076,1909f56bfc062723c751e8b465ee728b)
Start importing Assets/MyAssets/Models/Materials/BoxBlue.mat using Guid(1c093ce088bac2641814c5081b9aa230) Importer(815301076,1909f56bfc062723c751e8b465ee728b)  -> (artifact id: '69dcabca38b78d60037448181b299cc6') in 0.216161 seconds 
========================================================================
Received Import Request.
  Time since last request: 9.036279 seconds.
  path: Assets/MyAssets/Models/Materials/BoxYellow.mat
  artifactKey: Guid(4f7454eee4985534baa33b893543f5c1) Importer(815301076,1909f56bfc062723c751e8b465ee728b)
Start importing Assets/MyAssets/Models/Materials/BoxYellow.mat using Guid(4f7454eee4985534baa33b893543f5c1) Importer(815301076,1909f56bfc062723c751e8b465ee728b)  -> (artifact id: 'f24e4288dc1592831cc5afbdcb1adb76') in 0.144521 seconds 
========================================================================
Received Import Request.
  Time since last request: 28.015428 seconds.
  path: Assets/MyAssets/Models/Materials/BoxYellow.mat
  artifactKey: Guid(4f7454eee4985534baa33b893543f5c1) Importer(815301076,1909f56bfc062723c751e8b465ee728b)
Start importing Assets/MyAssets/Models/Materials/BoxYellow.mat using Guid(4f7454eee4985534baa33b893543f5c1) Importer(815301076,1909f56bfc062723c751e8b465ee728b)  -> (artifact id: 'fd1073370510c1f123075f9531801b8d') in 0.014120 seconds 
========================================================================
Received Import Request.
  Time since last request: 16.139053 seconds.
  path: Assets/MyAssets/Models/Materials/Yellow.mat
  artifactKey: Guid(11c3e2479f6c94545893926378fe4294) Importer(815301076,1909f56bfc062723c751e8b465ee728b)
Start importing Assets/MyAssets/Models/Materials/Yellow.mat using Guid(11c3e2479f6c94545893926378fe4294) Importer(815301076,1909f56bfc062723c751e8b465ee728b)  -> (artifact id: '382a348279cfe0d764dc6f60209401a6') in 0.016798 seconds 
========================================================================
Received Import Request.
  Time since last request: 2.946505 seconds.
  path: Assets/MyAssets/Models/Materials/Gray.mat
  artifactKey: Guid(7e8577a209d42ed44ab3d5799dacc397) Importer(815301076,1909f56bfc062723c751e8b465ee728b)
Start importing Assets/MyAssets/Models/Materials/Gray.mat using Guid(7e8577a209d42ed44ab3d5799dacc397) Importer(815301076,1909f56bfc062723c751e8b465ee728b)  -> (artifact id: 'f40ed77eba55cfa90e5228dde71ade30') in 0.015979 seconds 
========================================================================
Received Import Request.
  Time since last request: 7.198135 seconds.
  path: Assets/MyAssets/Models/Materials/Green.mat
  artifactKey: Guid(5a45cfde893aee64d8dbd0132f5148c3) Importer(815301076,1909f56bfc062723c751e8b465ee728b)
Start importing Assets/MyAssets/Models/Materials/Green.mat using Guid(5a45cfde893aee64d8dbd0132f5148c3) Importer(815301076,1909f56bfc062723c751e8b465ee728b)  -> (artifact id: '82cd5f563de41c85ed90de30a2db00fd') in 0.015071 seconds 
========================================================================
Received Import Request.
  Time since last request: 3.463843 seconds.
  path: Assets/MyAssets/Models/Materials/Blue.mat
  artifactKey: Guid(1c093ce088bac2641814c5081b9aa230) Importer(815301076,1909f56bfc062723c751e8b465ee728b)
Start importing Assets/MyAssets/Models/Materials/Blue.mat using Guid(1c093ce088bac2641814c5081b9aa230) Importer(815301076,1909f56bfc062723c751e8b465ee728b)  -> (artifact id: '2c940227965d11c430caec96f0a4e3df') in 0.351955 seconds 
========================================================================
Received Import Request.
  Time since last request: 17.407664 seconds.
  path: Assets/MyAssets/Models/Materials/Blue.mat
  artifactKey: Guid(1c093ce088bac2641814c5081b9aa230) Importer(815301076,1909f56bfc062723c751e8b465ee728b)
Start importing Assets/MyAssets/Models/Materials/Blue.mat using Guid(1c093ce088bac2641814c5081b9aa230) Importer(815301076,1909f56bfc062723c751e8b465ee728b)  -> (artifact id: 'eefe10a53fececb6a8547169e25e519a') in 0.017144 seconds 
========================================================================
Received Import Request.
  Time since last request: 7.552797 seconds.
  path: Assets/MyAssets/Models/Materials/Black.mat
  artifactKey: Guid(ad6319a8ffda9c348bf4ebe55eab71dd) Importer(815301076,1909f56bfc062723c751e8b465ee728b)
Start importing Assets/MyAssets/Models/Materials/Black.mat using Guid(ad6319a8ffda9c348bf4ebe55eab71dd) Importer(815301076,1909f56bfc062723c751e8b465ee728b)  -> (artifact id: '0ce80754b0cdf08a62f05d7e3704aa61') in 0.016552 seconds 
========================================================================
Received Import Request.
  Time since last request: 32.737977 seconds.
  path: Assets/MyAssets/Models/Materials/White.mat
  artifactKey: Guid(f0874bad9e7c39647b62e4d8b3b9be1f) Importer(815301076,1909f56bfc062723c751e8b465ee728b)
Start importing Assets/MyAssets/Models/Materials/White.mat using Guid(f0874bad9e7c39647b62e4d8b3b9be1f) Importer(815301076,1909f56bfc062723c751e8b465ee728b)  -> (artifact id: 'bc708353320f9db24bccac830248ad4c') in 0.014370 seconds 
========================================================================
Received Prepare
Registering precompiled user dll's ...
Registered in 0.005317 seconds.
Begin MonoManager ReloadAssembly
Symbol file LoadedFromMemory doesn't match image D:\My Projects\Unity Projects\Infiniti\i-spark\Library\PackageCache\com.unity.visualscripting@1.7.8\Editor\VisualScripting.Core\Dependencies\YamlDotNet\Unity.VisualScripting.YamlDotNet.dll
Symbol file LoadedFromMemory doesn't match image D:\My Projects\Unity Projects\Infiniti\i-spark\Library\PackageCache\com.unity.visualscripting@1.7.8\Editor\VisualScripting.Core\Dependencies\DotNetZip\Unity.VisualScripting.IonicZip.dll
Native extension for WindowsStandalone target not found
Native extension for iOS target not found
Native extension for Android target not found
Native extension for OSXStandalone target not found
Refreshing native plugins compatible for Editor in 0.97 ms, found 3 plugins.
Preloading 0 native plugins for Editor in 0.00 ms.
Mono: successfully reloaded assembly
- Completed reload, in  1.128 seconds
Domain Reload Profiling:
	ReloadAssembly (1129ms)
		BeginReloadAssembly (145ms)
			ExecutionOrderSort (0ms)
			DisableScriptedObjects (6ms)
			BackupInstance (0ms)
			ReleaseScriptingObjects (0ms)
			CreateAndSetChildDomain (50ms)
		EndReloadAssembly (898ms)
			LoadAssemblies (90ms)
			RebuildTransferFunctionScriptingTraits (0ms)
			SetupTypeCache (264ms)
			ReleaseScriptCaches (2ms)
			RebuildScriptCaches (49ms)
			SetupLoadedEditorAssemblies (404ms)
				LogAssemblyErrors (0ms)
				InitializePlatformSupportModulesInManaged (28ms)
				SetLoadedEditorAssemblies (0ms)
				RefreshPlugins (1ms)
				BeforeProcessingInitializeOnLoad (70ms)
				ProcessInitializeOnLoadAttributes (223ms)
				ProcessInitializeOnLoadMethodAttributes (79ms)
				AfterProcessingInitializeOnLoad (2ms)
				EditorAssembliesLoaded (0ms)
			ExecutionOrderSort2 (0ms)
			AwakeInstancesAfterBackupRestoration (28ms)
Platform modules already initialized, skipping
Refreshing native plugins compatible for Editor in 2.33 ms, found 3 plugins.
Preloading 0 native plugins for Editor in 0.00 ms.
Unloading 5293 Unused Serialized files (Serialized files now loaded: 0)
Unloading 28 unused Assets / (0.7 MB). Loaded Objects now: 6091.
Memory consumption went from 213.0 MB to 212.2 MB.
Total: 5.428300 ms (FindLiveObjects: 0.487000 ms CreateObjectMapping: 0.465700 ms MarkObjects: 4.026700 ms  DeleteObjects: 0.447500 ms)

AssetImportParameters requested are different than current active one (requested -> active):
  custom:video-decoder-ogg-theora: a1e56fd34408186e4bbccfd4996cb3dc -> 
  custom:container-muxer-webm: aa71ff27fc2769a1b78a27578f13a17b -> 
  custom:container-demuxer-webm: 4f35f7cbe854078d1ac9338744f61a02 -> 
  custom:video-encoder-webm-vp8: eb34c28f22e8b96e1ab97ce403110664 -> 
  custom:video-codec-MediaFoundation-h265: 746d11721c4dcdbdad8f713fa42b33f4 -> 
  custom:audio-encoder-webm-vorbis: bf7c407c2cedff20999df2af8eb42d56 -> 
  custom:framework-win-MediaFoundation: 216162199b28c13a410421893ffa2e32 -> 
  custom:container-demuxer-ogg: 62fdf1f143b41e24485cea50d1cbac27 -> 
  custom:video-decoder-webm-vp8: 9c59270c3fd7afecdb556c50c9e8de78 -> 
  custom:audio-decoder-ogg-vorbis: bf7c407c2cedff20999df2af8eb42d56 -> 
========================================================================
Received Import Request.
  Time since last request: 3636.083516 seconds.
  path: Assets/SurvivalStylizedCharacters/Assets
  artifactKey: Guid(0ce695db1cf50f148af98db43f369759) Importer(815301076,1909f56bfc062723c751e8b465ee728b)
Start importing Assets/SurvivalStylizedCharacters/Assets using Guid(0ce695db1cf50f148af98db43f369759) Importer(815301076,1909f56bfc062723c751e8b465ee728b)  -> (artifact id: '54ee4b63eb842fa75a42ddb488670fc6') in 0.045746 seconds 
========================================================================
Received Import Request.
  Time since last request: 0.860294 seconds.
  path: Assets/SurvivalStylizedCharacters/Assets/Models
  artifactKey: Guid(0538c740700c22f499923787ffbf5c84) Importer(815301076,1909f56bfc062723c751e8b465ee728b)
Start importing Assets/SurvivalStylizedCharacters/Assets/Models using Guid(0538c740700c22f499923787ffbf5c84) Importer(815301076,1909f56bfc062723c751e8b465ee728b)  -> (artifact id: 'd6fa170eef397146b66793889a1d7719') in 0.007605 seconds 
========================================================================
Received Import Request.
  Time since last request: 0.083345 seconds.
  path: Assets/SurvivalStylizedCharacters/Assets/Models/background.fbx
  artifactKey: Guid(8a16c04365653044ea5ee2ab2574df70) Importer(815301076,1909f56bfc062723c751e8b465ee728b)
Start importing Assets/SurvivalStylizedCharacters/Assets/Models/background.fbx using Guid(8a16c04365653044ea5ee2ab2574df70) Importer(815301076,1909f56bfc062723c751e8b465ee728b)  -> (artifact id: '6cc8f0712449cd143fb91154624485e1') in 0.444084 seconds 
========================================================================
Received Import Request.
  Time since last request: 2.002223 seconds.
  path: Assets/SurvivalStylizedCharacters/Assets/Prefabs/Characters
  artifactKey: Guid(feef466f358da214d9d78d9829faa434) Importer(815301076,1909f56bfc062723c751e8b465ee728b)
Start importing Assets/SurvivalStylizedCharacters/Assets/Prefabs/Characters using Guid(feef466f358da214d9d78d9829faa434) Importer(815301076,1909f56bfc062723c751e8b465ee728b)  -> (artifact id: 'c1e51f3c1eb989c2ed358e3071a07e9c') in 0.007569 seconds 
========================================================================
Received Import Request.
  Time since last request: 0.061587 seconds.
  path: Assets/SurvivalStylizedCharacters/Assets/Prefabs/Characters/char_1.prefab
  artifactKey: Guid(44d57cfa07de346458450744785d8a7e) Importer(815301076,1909f56bfc062723c751e8b465ee728b)
Start importing Assets/SurvivalStylizedCharacters/Assets/Prefabs/Characters/char_1.prefab using Guid(44d57cfa07de346458450744785d8a7e) Importer(815301076,1909f56bfc062723c751e8b465ee728b)  -> (artifact id: '22ea2f2afee33f36ab8942f1d3957200') in 0.051670 seconds 
========================================================================
Received Import Request.
  Time since last request: 0.000033 seconds.
  path: Assets/SurvivalStylizedCharacters/Assets/Prefabs/Characters/char_3.prefab
  artifactKey: Guid(1b4f3625cd6fe4244acde69f896d820e) Importer(815301076,1909f56bfc062723c751e8b465ee728b)
Start importing Assets/SurvivalStylizedCharacters/Assets/Prefabs/Characters/char_3.prefab using Guid(1b4f3625cd6fe4244acde69f896d820e) Importer(815301076,1909f56bfc062723c751e8b465ee728b)  -> (artifact id: '028404741c1b08a4c5ad7d275d0959e4') in 0.033546 seconds 
========================================================================
Received Import Request.
  Time since last request: 0.000059 seconds.
  path: Assets/SurvivalStylizedCharacters/Assets/Prefabs/Characters/char_4.prefab
  artifactKey: Guid(4e5d0daefaaf553449b490651cc7113a) Importer(815301076,1909f56bfc062723c751e8b465ee728b)
Start importing Assets/SurvivalStylizedCharacters/Assets/Prefabs/Characters/char_4.prefab using Guid(4e5d0daefaaf553449b490651cc7113a) Importer(815301076,1909f56bfc062723c751e8b465ee728b)  -> (artifact id: '0bee3f37cf99b064fbf9c982b99aa34d') in 0.027959 seconds 
========================================================================
Received Import Request.
  Time since last request: 2.041393 seconds.
  path: Assets/SurvivalStylizedCharacters/Assets/Materials/colors.mat
  artifactKey: Guid(5661d5d4e19a87847853839e09102c7e) Importer(815301076,1909f56bfc062723c751e8b465ee728b)
Start importing Assets/SurvivalStylizedCharacters/Assets/Materials/colors.mat using Guid(5661d5d4e19a87847853839e09102c7e) Importer(815301076,1909f56bfc062723c751e8b465ee728b)  -> (artifact id: '52523f5f17f83486dd2e8d3f7cc05cf9') in 0.031359 seconds 
========================================================================
Received Import Request.
  Time since last request: 0.000041 seconds.
  path: Assets/SurvivalStylizedCharacters/Assets/Materials/Grid.mat
  artifactKey: Guid(6f30b5440e8b05d4baeb4c76d3da59b1) Importer(815301076,1909f56bfc062723c751e8b465ee728b)
Start importing Assets/SurvivalStylizedCharacters/Assets/Materials/Grid.mat using Guid(6f30b5440e8b05d4baeb4c76d3da59b1) Importer(815301076,1909f56bfc062723c751e8b465ee728b)  -> (artifact id: 'bb8a5de9707b5cff6d2936cedd09553a') in 0.021803 seconds 
========================================================================
Received Import Request.
  Time since last request: 0.000048 seconds.
  path: Assets/SurvivalStylizedCharacters/Assets/Materials/grid.jpg
  artifactKey: Guid(1ded7491cebb4a34286f4ab4ba59b309) Importer(815301076,1909f56bfc062723c751e8b465ee728b)
Start importing Assets/SurvivalStylizedCharacters/Assets/Materials/grid.jpg using Guid(1ded7491cebb4a34286f4ab4ba59b309) Importer(815301076,1909f56bfc062723c751e8b465ee728b)  -> (artifact id: '72943620d4d3345e2e1bb52171aeb876') in 0.119276 seconds 
========================================================================
Received Import Request.
  Time since last request: 27.484334 seconds.
  path: Assets/SurvivalStylizedCharacters/Assets/Prefabs/Weapons/assault_rifle_fbx.prefab
  artifactKey: Guid(75c5731fae2da124980869e2e8446d76) Importer(815301076,1909f56bfc062723c751e8b465ee728b)
Start importing Assets/SurvivalStylizedCharacters/Assets/Prefabs/Weapons/assault_rifle_fbx.prefab using Guid(75c5731fae2da124980869e2e8446d76) Importer(815301076,1909f56bfc062723c751e8b465ee728b)  -> (artifact id: '7c6a87b2deb7fc5c9af6b044ca6dc213') in 0.023292 seconds 
========================================================================
Received Import Request.
  Time since last request: 0.000033 seconds.
  path: Assets/SurvivalStylizedCharacters/Assets/Prefabs/Weapons/sniper_rifle_fbx.prefab
  artifactKey: Guid(8780811ac3932774fb31974815835456) Importer(815301076,1909f56bfc062723c751e8b465ee728b)
Start importing Assets/SurvivalStylizedCharacters/Assets/Prefabs/Weapons/sniper_rifle_fbx.prefab using Guid(8780811ac3932774fb31974815835456) Importer(815301076,1909f56bfc062723c751e8b465ee728b)  -> (artifact id: 'a34cdda2acec1e68a3a0b9f376cff862') in 0.029310 seconds 
Editor requested this worker to shutdown with reason: Scaling down because of idle timeout
AssetImportWorker is now disconnected from the server
Process exiting
Exiting without the bug reporter. Application will terminate with return code 0